<?xml version="1.0" encoding="UTF-8"?>
<testng-results skipped="0" failed="0" ignored="0" total="1" passed="1">
  <reporter-output>
  </reporter-output>
  <suite name="Default suite" duration-ms="88635" started-at="2022-07-30T21:59:18 IST" finished-at="2022-07-30T22:00:46 IST">
    <groups>
    </groups>
    <test name="Default test" duration-ms="88635" started-at="2022-07-30T21:59:18 IST" finished-at="2022-07-30T22:00:46 IST">
      <class name="testcases.BookStoreTestCases">
        <test-method status="PASS" signature="launchURL()[pri:0, instance:testcases.BookStoreTestCases@afc191]" name="launchURL" is-config="true" duration-ms="80757" started-at="2022-07-30T21:59:18 IST" finished-at="2022-07-30T22:00:39 IST">
          <reporter-output>
          </reporter-output>
        </test-method> <!-- launchURL -->
        <test-method status="PASS" signature="testBookStore()[pri:0, instance:testcases.BookStoreTestCases@afc191]" name="testBookStore" duration-ms="7673" started-at="2022-07-30T22:00:39 IST" finished-at="2022-07-30T22:00:46 IST">
          <reporter-output>
          </reporter-output>
        </test-method> <!-- testBookStore -->
      </class> <!-- testcases.BookStoreTestCases -->
    </test> <!-- Default test -->
  </suite> <!-- Default suite -->
</testng-results>
